{"C:\\Users\\merti\\Documents\\WebDev\\Portfolio\\solar-panel-planner\\server\\server.ts": {"path":"C:\\Users\\merti\\Documents\\WebDev\\Portfolio\\solar-panel-planner\\server\\server.ts","statementMap":{"0":{"start":{"line":1,"column":0},"end":{"line":1,"column":53}},"1":{"start":{"line":2,"column":0},"end":{"line":2,"column":67}},"2":{"start":{"line":3,"column":0},"end":{"line":3,"column":40}},"3":{"start":{"line":4,"column":0},"end":{"line":4,"column":24}},"4":{"start":{"line":5,"column":0},"end":{"line":5,"column":28}},"5":{"start":{"line":8,"column":0},"end":{"line":8,"column":68}},"6":{"start":{"line":9,"column":0},"end":{"line":9,"column":74}},"7":{"start":{"line":11,"column":0},"end":{"line":11,"column":16}},"8":{"start":{"line":13,"column":12},"end":{"line":13,"column":21}},"9":{"start":{"line":14,"column":13},"end":{"line":14,"column":29}},"10":{"start":{"line":16,"column":0},"end":{"line":16,"column":16}},"11":{"start":{"line":17,"column":0},"end":{"line":17,"column":24}},"12":{"start":{"line":20,"column":0},"end":{"line":27,"column":3}},"13":{"start":{"line":21,"column":2},"end":{"line":25,"column":5}},"14":{"start":{"line":26,"column":2},"end":{"line":26,"column":9}},"15":{"start":{"line":30,"column":0},"end":{"line":30,"column":29}},"16":{"start":{"line":31,"column":0},"end":{"line":31,"column":32}},"17":{"start":{"line":34,"column":0},"end":{"line":34,"column":25}},"18":{"start":{"line":36,"column":0},"end":{"line":38,"column":3}},"19":{"start":{"line":37,"column":2},"end":{"line":37,"column":51}},"20":{"start":{"line":40,"column":0},"end":{"line":40,"column":19}}},"fnMap":{"0":{"name":"(anonymous_1)","decl":{"start":{"line":20,"column":8},"end":{"line":20,"column":9}},"loc":{"start":{"line":20,"column":46},"end":{"line":27,"column":1}}},"1":{"name":"(anonymous_2)","decl":{"start":{"line":36,"column":17},"end":{"line":36,"column":20}},"loc":{"start":{"line":36,"column":22},"end":{"line":38,"column":1}}}},"branchMap":{},"s":{"0":1,"1":1,"2":1,"3":1,"4":1,"5":1,"6":1,"7":1,"8":1,"9":1,"10":1,"11":1,"12":1,"13":4,"14":4,"15":1,"16":1,"17":1,"18":1,"19":1,"20":1},"f":{"0":4,"1":1},"b":{}}
,"C:\\Users\\merti\\Documents\\WebDev\\Portfolio\\solar-panel-planner\\server\\src\\config\\PrismaTransportLog.ts": {"path":"C:\\Users\\merti\\Documents\\WebDev\\Portfolio\\solar-panel-planner\\server\\src\\config\\PrismaTransportLog.ts","statementMap":{"0":{"start":{"line":1,"column":0},"end":{"line":1,"column":48}},"1":{"start":{"line":14,"column":4},"end":{"line":14,"column":19}},"2":{"start":{"line":15,"column":4},"end":{"line":15,"column":33}},"3":{"start":{"line":20,"column":42},"end":{"line":20,"column":46}},"4":{"start":{"line":22,"column":4},"end":{"line":35,"column":5}},"5":{"start":{"line":24,"column":8},"end":{"line":24,"column":71}},"6":{"start":{"line":26,"column":6},"end":{"line":32,"column":9}},"7":{"start":{"line":34,"column":6},"end":{"line":34,"column":57}},"8":{"start":{"line":37,"column":4},"end":{"line":37,"column":15}},"9":{"start":{"line":10,"column":0},"end":{"line":10,"column":13}}},"fnMap":{"0":{"name":"(anonymous_8)","decl":{"start":{"line":13,"column":2},"end":{"line":13,"column":14}},"loc":{"start":{"line":13,"column":45},"end":{"line":16,"column":3}}},"1":{"name":"(anonymous_9)","decl":{"start":{"line":19,"column":8},"end":{"line":19,"column":11}},"loc":{"start":{"line":19,"column":43},"end":{"line":38,"column":null}}}},"branchMap":{"0":{"loc":{"start":{"line":24,"column":8},"end":{"line":24,"column":71}},"type":"cond-expr","locations":[{"start":{"line":24,"column":38},"end":{"line":24,"column":45}},{"start":{"line":24,"column":48},"end":{"line":24,"column":71}}]},"1":{"loc":{"start":{"line":30,"column":21},"end":{"line":30,"column":44}},"type":"binary-expr","locations":[{"start":{"line":30,"column":21},"end":{"line":30,"column":30}},{"start":{"line":30,"column":34},"end":{"line":30,"column":44}}]}},"s":{"0":1,"1":1,"2":1,"3":5,"4":5,"5":5,"6":5,"7":0,"8":5,"9":1},"f":{"0":1,"1":5},"b":{"0":[1,4],"1":[5,0]}}
,"C:\\Users\\merti\\Documents\\WebDev\\Portfolio\\solar-panel-planner\\server\\src\\controllers\\addressReference.controller.ts": {"path":"C:\\Users\\merti\\Documents\\WebDev\\Portfolio\\solar-panel-planner\\server\\src\\controllers\\addressReference.controller.ts","statementMap":{"0":{"start":{"line":2,"column":0},"end":{"line":2,"column":65}},"1":{"start":{"line":3,"column":0},"end":{"line":3,"column":45}},"2":{"start":{"line":5,"column":39},"end":{"line":25,"column":2}},"3":{"start":{"line":9,"column":4},"end":{"line":25,"column":2}},"4":{"start":{"line":10,"column":2},"end":{"line":24,"column":3}},"5":{"start":{"line":12,"column":30},"end":{"line":12,"column":39}},"6":{"start":{"line":13,"column":4},"end":{"line":18,"column":5}},"7":{"start":{"line":14,"column":6},"end":{"line":17,"column":8}},"8":{"start":{"line":20,"column":23},"end":{"line":20,"column":63}},"9":{"start":{"line":21,"column":4},"end":{"line":21,"column":47}},"10":{"start":{"line":23,"column":4},"end":{"line":23,"column":14}},"11":{"start":{"line":5,"column":13},"end":{"line":5,"column":39}}},"fnMap":{"0":{"name":"(anonymous_7)","decl":{"start":{"line":5,"column":39},"end":{"line":5,"column":null}},"loc":{"start":{"line":9,"column":4},"end":{"line":25,"column":2}}},"1":{"name":"(anonymous_8)","decl":{"start":{"line":9,"column":4},"end":{"line":9,"column":null}},"loc":{"start":{"line":9,"column":4},"end":{"line":25,"column":1}}}},"branchMap":{"0":{"loc":{"start":{"line":13,"column":4},"end":{"line":18,"column":5}},"type":"if","locations":[{"start":{"line":13,"column":4},"end":{"line":18,"column":5}}]},"1":{"loc":{"start":{"line":13,"column":8},"end":{"line":13,"column":72}},"type":"binary-expr","locations":[{"start":{"line":13,"column":8},"end":{"line":13,"column":41}},{"start":{"line":13,"column":45},"end":{"line":13,"column":72}}]}},"s":{"0":1,"1":1,"2":1,"3":2,"4":2,"5":2,"6":2,"7":1,"8":1,"9":1,"10":1,"11":1},"f":{"0":2,"1":2},"b":{"0":[1],"1":[2,1]}}
,"C:\\Users\\merti\\Documents\\WebDev\\Portfolio\\solar-panel-planner\\server\\src\\controllers\\addressSearch.controller.ts": {"path":"C:\\Users\\merti\\Documents\\WebDev\\Portfolio\\solar-panel-planner\\server\\src\\controllers\\addressSearch.controller.ts","statementMap":{"0":{"start":{"line":2,"column":0},"end":{"line":2,"column":61}},"1":{"start":{"line":4,"column":0},"end":{"line":4,"column":45}},"2":{"start":{"line":6,"column":35},"end":{"line":28,"column":2}},"3":{"start":{"line":10,"column":4},"end":{"line":28,"column":2}},"4":{"start":{"line":11,"column":2},"end":{"line":27,"column":3}},"5":{"start":{"line":12,"column":48},"end":{"line":12,"column":57}},"6":{"start":{"line":14,"column":4},"end":{"line":19,"column":5}},"7":{"start":{"line":15,"column":6},"end":{"line":18,"column":8}},"8":{"start":{"line":22,"column":22},"end":{"line":22,"column":76}},"9":{"start":{"line":24,"column":4},"end":{"line":24,"column":46}},"10":{"start":{"line":26,"column":4},"end":{"line":26,"column":14}},"11":{"start":{"line":6,"column":13},"end":{"line":6,"column":35}}},"fnMap":{"0":{"name":"(anonymous_7)","decl":{"start":{"line":6,"column":35},"end":{"line":6,"column":null}},"loc":{"start":{"line":10,"column":4},"end":{"line":28,"column":2}}},"1":{"name":"(anonymous_8)","decl":{"start":{"line":10,"column":4},"end":{"line":10,"column":null}},"loc":{"start":{"line":10,"column":4},"end":{"line":28,"column":1}}}},"branchMap":{"0":{"loc":{"start":{"line":14,"column":4},"end":{"line":19,"column":5}},"type":"if","locations":[{"start":{"line":14,"column":4},"end":{"line":19,"column":5}}]},"1":{"loc":{"start":{"line":14,"column":8},"end":{"line":14,"column":46}},"type":"binary-expr","locations":[{"start":{"line":14,"column":8},"end":{"line":14,"column":19}},{"start":{"line":14,"column":23},"end":{"line":14,"column":34}},{"start":{"line":14,"column":38},"end":{"line":14,"column":46}}]}},"s":{"0":1,"1":1,"2":1,"3":2,"4":2,"5":2,"6":2,"7":1,"8":1,"9":1,"10":1,"11":1},"f":{"0":2,"1":2},"b":{"0":[1],"1":[2,2,1]}}
,"C:\\Users\\merti\\Documents\\WebDev\\Portfolio\\solar-panel-planner\\server\\src\\middleware\\errorMiddleware.ts": {"path":"C:\\Users\\merti\\Documents\\WebDev\\Portfolio\\solar-panel-planner\\server\\src\\middleware\\errorMiddleware.ts","statementMap":{"0":{"start":{"line":2,"column":0},"end":{"line":2,"column":45}},"1":{"start":{"line":4,"column":31},"end":{"line":24,"column":1}},"2":{"start":{"line":11,"column":21},"end":{"line":11,"column":67}},"3":{"start":{"line":12,"column":18},"end":{"line":12,"column":63}},"4":{"start":{"line":15,"column":2},"end":{"line":15,"column":21}},"5":{"start":{"line":18,"column":2},"end":{"line":23,"column":5}},"6":{"start":{"line":4,"column":13},"end":{"line":4,"column":31}}},"fnMap":{"0":{"name":"(anonymous_0)","decl":{"start":{"line":4,"column":31},"end":{"line":4,"column":null}},"loc":{"start":{"line":9,"column":4},"end":{"line":24,"column":1}}}},"branchMap":{"0":{"loc":{"start":{"line":11,"column":21},"end":{"line":11,"column":67}},"type":"cond-expr","locations":[{"start":{"line":11,"column":47},"end":{"line":11,"column":61}},{"start":{"line":11,"column":64},"end":{"line":11,"column":67}}]},"1":{"loc":{"start":{"line":12,"column":18},"end":{"line":12,"column":63}},"type":"binary-expr","locations":[{"start":{"line":12,"column":18},"end":{"line":12,"column":29}},{"start":{"line":12,"column":33},"end":{"line":12,"column":63}}]},"2":{"loc":{"start":{"line":22,"column":8},"end":{"line":22,"column":69}},"type":"binary-expr","locations":[{"start":{"line":22,"column":8},"end":{"line":22,"column":45}},{"start":{"line":22,"column":49},"end":{"line":22,"column":69}}]}},"s":{"0":1,"1":1,"2":2,"3":2,"4":2,"5":2,"6":1},"f":{"0":2},"b":{"0":[2,0],"1":[2,0],"2":[2,2]}}
,"C:\\Users\\merti\\Documents\\WebDev\\Portfolio\\solar-panel-planner\\server\\src\\routes\\addressReference.router.ts": {"path":"C:\\Users\\merti\\Documents\\WebDev\\Portfolio\\solar-panel-planner\\server\\src\\routes\\addressReference.router.ts","statementMap":{"0":{"start":{"line":1,"column":0},"end":{"line":1,"column":30}},"1":{"start":{"line":2,"column":0},"end":{"line":2,"column":85}},"2":{"start":{"line":4,"column":31},"end":{"line":4,"column":47}},"3":{"start":{"line":6,"column":0},"end":{"line":9,"column":2}}},"fnMap":{},"branchMap":{},"s":{"0":1,"1":1,"2":1,"3":1},"f":{},"b":{}}
,"C:\\Users\\merti\\Documents\\WebDev\\Portfolio\\solar-panel-planner\\server\\src\\routes\\addressSearch.router.ts": {"path":"C:\\Users\\merti\\Documents\\WebDev\\Portfolio\\solar-panel-planner\\server\\src\\routes\\addressSearch.router.ts","statementMap":{"0":{"start":{"line":1,"column":0},"end":{"line":1,"column":30}},"1":{"start":{"line":2,"column":0},"end":{"line":2,"column":78}},"2":{"start":{"line":4,"column":28},"end":{"line":4,"column":44}},"3":{"start":{"line":6,"column":0},"end":{"line":6,"column":79}}},"fnMap":{},"branchMap":{},"s":{"0":1,"1":1,"2":1,"3":1},"f":{},"b":{}}
,"C:\\Users\\merti\\Documents\\WebDev\\Portfolio\\solar-panel-planner\\server\\src\\services\\addressService.ts": {"path":"C:\\Users\\merti\\Documents\\WebDev\\Portfolio\\solar-panel-planner\\server\\src\\services\\addressService.ts","statementMap":{"0":{"start":{"line":1,"column":0},"end":{"line":1,"column":43}},"1":{"start":{"line":3,"column":31},"end":{"line":32,"column":2}},"2":{"start":{"line":7,"column":4},"end":{"line":32,"column":2}},"3":{"start":{"line":9,"column":26},"end":{"line":9,"column":28}},"4":{"start":{"line":10,"column":2},"end":{"line":11,"column":80}},"5":{"start":{"line":11,"column":4},"end":{"line":11,"column":80}},"6":{"start":{"line":12,"column":2},"end":{"line":13,"column":75}},"7":{"start":{"line":13,"column":4},"end":{"line":13,"column":75}},"8":{"start":{"line":14,"column":2},"end":{"line":14,"column":48}},"9":{"start":{"line":14,"column":15},"end":{"line":14,"column":48}},"10":{"start":{"line":16,"column":2},"end":{"line":18,"column":3}},"11":{"start":{"line":17,"column":4},"end":{"line":17,"column":71}},"12":{"start":{"line":20,"column":2},"end":{"line":31,"column":5}},"13":{"start":{"line":3,"column":13},"end":{"line":3,"column":31}},"14":{"start":{"line":34,"column":42},"end":{"line":43,"column":2}},"15":{"start":{"line":45,"column":35},"end":{"line":59,"column":2}},"16":{"start":{"line":45,"column":67},"end":{"line":59,"column":2}},"17":{"start":{"line":48,"column":29},"end":{"line":48,"column":53}},"18":{"start":{"line":49,"column":2},"end":{"line":51,"column":3}},"19":{"start":{"line":50,"column":4},"end":{"line":50,"column":46}},"20":{"start":{"line":54,"column":47},"end":{"line":55,"column":null}},"21":{"start":{"line":58,"column":2},"end":{"line":58,"column":55}},"22":{"start":{"line":58,"column":34},"end":{"line":58,"column":53}},"23":{"start":{"line":45,"column":13},"end":{"line":45,"column":35}}},"fnMap":{"0":{"name":"(anonymous_7)","decl":{"start":{"line":3,"column":31},"end":{"line":3,"column":null}},"loc":{"start":{"line":7,"column":4},"end":{"line":32,"column":2}}},"1":{"name":"(anonymous_8)","decl":{"start":{"line":7,"column":4},"end":{"line":7,"column":null}},"loc":{"start":{"line":7,"column":4},"end":{"line":32,"column":1}}},"2":{"name":"(anonymous_9)","decl":{"start":{"line":45,"column":35},"end":{"line":45,"column":42}},"loc":{"start":{"line":45,"column":67},"end":{"line":59,"column":2}}},"3":{"name":"(anonymous_10)","decl":{"start":{"line":45,"column":67},"end":{"line":45,"column":null}},"loc":{"start":{"line":45,"column":67},"end":{"line":59,"column":1}}},"4":{"name":"(anonymous_11)","decl":{"start":{"line":58,"column":21},"end":{"line":58,"column":22}},"loc":{"start":{"line":58,"column":34},"end":{"line":58,"column":53}}}},"branchMap":{"0":{"loc":{"start":{"line":10,"column":2},"end":{"line":11,"column":80}},"type":"if","locations":[{"start":{"line":10,"column":2},"end":{"line":11,"column":80}}]},"1":{"loc":{"start":{"line":12,"column":2},"end":{"line":13,"column":75}},"type":"if","locations":[{"start":{"line":12,"column":2},"end":{"line":13,"column":75}}]},"2":{"loc":{"start":{"line":14,"column":2},"end":{"line":14,"column":48}},"type":"if","locations":[{"start":{"line":14,"column":2},"end":{"line":14,"column":48}}]},"3":{"loc":{"start":{"line":16,"column":2},"end":{"line":18,"column":3}},"type":"if","locations":[{"start":{"line":16,"column":2},"end":{"line":18,"column":3}}]},"4":{"loc":{"start":{"line":22,"column":13},"end":{"line":22,"column":60}},"type":"cond-expr","locations":[{"start":{"line":22,"column":26},"end":{"line":22,"column":48}},{"start":{"line":22,"column":51},"end":{"line":22,"column":60}}]},"5":{"loc":{"start":{"line":49,"column":2},"end":{"line":51,"column":3}},"type":"if","locations":[{"start":{"line":49,"column":2},"end":{"line":51,"column":3}}]}},"s":{"0":2,"1":2,"2":5,"3":5,"4":5,"5":1,"6":5,"7":2,"8":5,"9":1,"10":5,"11":1,"12":4,"13":2,"14":2,"15":2,"16":9,"17":9,"18":9,"19":0,"20":9,"21":9,"22":5683,"23":2},"f":{"0":5,"1":5,"2":9,"3":9,"4":5683},"b":{"0":[1],"1":[2],"2":[1],"3":[1],"4":[2,2],"5":[0]}}
,"C:\\Users\\merti\\Documents\\WebDev\\Portfolio\\solar-panel-planner\\server\\src\\utils\\AppError.ts": {"path":"C:\\Users\\merti\\Documents\\WebDev\\Portfolio\\solar-panel-planner\\server\\src\\utils\\AppError.ts","statementMap":{"0":{"start":{"line":5,"column":4},"end":{"line":5,"column":19}},"1":{"start":{"line":6,"column":4},"end":{"line":6,"column":33}},"2":{"start":{"line":7,"column":4},"end":{"line":7,"column":52}},"3":{"start":{"line":1,"column":0},"end":{"line":1,"column":13}}},"fnMap":{"0":{"name":"(anonymous_0)","decl":{"start":{"line":4,"column":2},"end":{"line":4,"column":14}},"loc":{"start":{"line":4,"column":49},"end":{"line":8,"column":3}}}},"branchMap":{},"s":{"0":2,"1":2,"2":2,"3":1},"f":{"0":2},"b":{}}
,"C:\\Users\\merti\\Documents\\WebDev\\Portfolio\\solar-panel-planner\\server\\src\\utils\\logger.ts": {"path":"C:\\Users\\merti\\Documents\\WebDev\\Portfolio\\solar-panel-planner\\server\\src\\utils\\logger.ts","statementMap":{"0":{"start":{"line":1,"column":0},"end":{"line":1,"column":30}},"1":{"start":{"line":2,"column":0},"end":{"line":2,"column":46}},"2":{"start":{"line":4,"column":0},"end":{"line":4,"column":63}},"3":{"start":{"line":6,"column":15},"end":{"line":6,"column":33}},"4":{"start":{"line":8,"column":15},"end":{"line":23,"column":2}},"5":{"start":{"line":25,"column":0},"end":{"line":25,"column":22}}},"fnMap":{},"branchMap":{},"s":{"0":1,"1":1,"2":1,"3":1,"4":1,"5":1},"f":{},"b":{}}
}
