{"C:\\Users\\merti\\Documents\\WebDev\\Portfolio\\solar-panel-planner\\server\\server.ts": {"path":"C:\\Users\\merti\\Documents\\WebDev\\Portfolio\\solar-panel-planner\\server\\server.ts","statementMap":{"0":{"start":{"line":1,"column":0},"end":{"line":1,"column":53}},"1":{"start":{"line":2,"column":0},"end":{"line":2,"column":67}},"2":{"start":{"line":3,"column":0},"end":{"line":3,"column":40}},"3":{"start":{"line":4,"column":0},"end":{"line":4,"column":24}},"4":{"start":{"line":5,"column":0},"end":{"line":5,"column":28}},"5":{"start":{"line":8,"column":0},"end":{"line":8,"column":68}},"6":{"start":{"line":9,"column":0},"end":{"line":9,"column":74}},"7":{"start":{"line":10,"column":0},"end":{"line":10,"column":64}},"8":{"start":{"line":12,"column":0},"end":{"line":12,"column":16}},"9":{"start":{"line":14,"column":12},"end":{"line":14,"column":21}},"10":{"start":{"line":15,"column":13},"end":{"line":15,"column":29}},"11":{"start":{"line":17,"column":0},"end":{"line":17,"column":16}},"12":{"start":{"line":18,"column":0},"end":{"line":18,"column":24}},"13":{"start":{"line":21,"column":0},"end":{"line":28,"column":3}},"14":{"start":{"line":22,"column":2},"end":{"line":26,"column":5}},"15":{"start":{"line":27,"column":2},"end":{"line":27,"column":9}},"16":{"start":{"line":31,"column":0},"end":{"line":31,"column":29}},"17":{"start":{"line":32,"column":0},"end":{"line":32,"column":32}},"18":{"start":{"line":33,"column":0},"end":{"line":33,"column":27}},"19":{"start":{"line":36,"column":0},"end":{"line":36,"column":25}},"20":{"start":{"line":38,"column":0},"end":{"line":42,"column":1}},"21":{"start":{"line":39,"column":2},"end":{"line":41,"column":5}},"22":{"start":{"line":40,"column":4},"end":{"line":40,"column":53}},"23":{"start":{"line":44,"column":0},"end":{"line":44,"column":19}}},"fnMap":{"0":{"name":"(anonymous_1)","decl":{"start":{"line":21,"column":8},"end":{"line":21,"column":9}},"loc":{"start":{"line":21,"column":46},"end":{"line":28,"column":1}}},"1":{"name":"(anonymous_2)","decl":{"start":{"line":39,"column":19},"end":{"line":39,"column":22}},"loc":{"start":{"line":39,"column":24},"end":{"line":41,"column":3}}}},"branchMap":{"0":{"loc":{"start":{"line":38,"column":0},"end":{"line":42,"column":1}},"type":"if","locations":[{"start":{"line":38,"column":0},"end":{"line":42,"column":1}}]}},"s":{"0":2,"1":2,"2":2,"3":2,"4":2,"5":2,"6":2,"7":2,"8":2,"9":2,"10":2,"11":2,"12":2,"13":2,"14":6,"15":6,"16":2,"17":2,"18":2,"19":2,"20":2,"21":0,"22":0,"23":2},"f":{"0":6,"1":0},"b":{"0":[0]}}
,"C:\\Users\\merti\\Documents\\WebDev\\Portfolio\\solar-panel-planner\\server\\src\\controllers\\addressReference.controller.ts": {"path":"C:\\Users\\merti\\Documents\\WebDev\\Portfolio\\solar-panel-planner\\server\\src\\controllers\\addressReference.controller.ts","statementMap":{"0":{"start":{"line":2,"column":0},"end":{"line":2,"column":65}},"1":{"start":{"line":3,"column":0},"end":{"line":3,"column":45}},"2":{"start":{"line":5,"column":39},"end":{"line":25,"column":2}},"3":{"start":{"line":9,"column":4},"end":{"line":25,"column":2}},"4":{"start":{"line":10,"column":2},"end":{"line":24,"column":3}},"5":{"start":{"line":12,"column":30},"end":{"line":12,"column":39}},"6":{"start":{"line":13,"column":4},"end":{"line":18,"column":5}},"7":{"start":{"line":14,"column":6},"end":{"line":17,"column":8}},"8":{"start":{"line":20,"column":23},"end":{"line":20,"column":63}},"9":{"start":{"line":21,"column":4},"end":{"line":21,"column":47}},"10":{"start":{"line":23,"column":4},"end":{"line":23,"column":14}},"11":{"start":{"line":5,"column":13},"end":{"line":5,"column":39}}},"fnMap":{"0":{"name":"(anonymous_7)","decl":{"start":{"line":5,"column":39},"end":{"line":5,"column":null}},"loc":{"start":{"line":9,"column":4},"end":{"line":25,"column":2}}},"1":{"name":"(anonymous_8)","decl":{"start":{"line":9,"column":4},"end":{"line":9,"column":null}},"loc":{"start":{"line":9,"column":4},"end":{"line":25,"column":1}}}},"branchMap":{"0":{"loc":{"start":{"line":13,"column":4},"end":{"line":18,"column":5}},"type":"if","locations":[{"start":{"line":13,"column":4},"end":{"line":18,"column":5}}]},"1":{"loc":{"start":{"line":13,"column":8},"end":{"line":13,"column":72}},"type":"binary-expr","locations":[{"start":{"line":13,"column":8},"end":{"line":13,"column":41}},{"start":{"line":13,"column":45},"end":{"line":13,"column":72}}]}},"s":{"0":2,"1":2,"2":2,"3":2,"4":2,"5":2,"6":2,"7":1,"8":1,"9":1,"10":1,"11":2},"f":{"0":2,"1":2},"b":{"0":[1],"1":[2,1]}}
,"C:\\Users\\merti\\Documents\\WebDev\\Portfolio\\solar-panel-planner\\server\\src\\controllers\\addressSearch.controller.ts": {"path":"C:\\Users\\merti\\Documents\\WebDev\\Portfolio\\solar-panel-planner\\server\\src\\controllers\\addressSearch.controller.ts","statementMap":{"0":{"start":{"line":2,"column":0},"end":{"line":2,"column":61}},"1":{"start":{"line":4,"column":0},"end":{"line":4,"column":45}},"2":{"start":{"line":6,"column":35},"end":{"line":28,"column":2}},"3":{"start":{"line":10,"column":4},"end":{"line":28,"column":2}},"4":{"start":{"line":11,"column":2},"end":{"line":27,"column":3}},"5":{"start":{"line":12,"column":48},"end":{"line":12,"column":57}},"6":{"start":{"line":14,"column":4},"end":{"line":19,"column":5}},"7":{"start":{"line":15,"column":6},"end":{"line":18,"column":8}},"8":{"start":{"line":22,"column":22},"end":{"line":22,"column":76}},"9":{"start":{"line":24,"column":4},"end":{"line":24,"column":46}},"10":{"start":{"line":26,"column":4},"end":{"line":26,"column":14}},"11":{"start":{"line":6,"column":13},"end":{"line":6,"column":35}}},"fnMap":{"0":{"name":"(anonymous_7)","decl":{"start":{"line":6,"column":35},"end":{"line":6,"column":null}},"loc":{"start":{"line":10,"column":4},"end":{"line":28,"column":2}}},"1":{"name":"(anonymous_8)","decl":{"start":{"line":10,"column":4},"end":{"line":10,"column":null}},"loc":{"start":{"line":10,"column":4},"end":{"line":28,"column":1}}}},"branchMap":{"0":{"loc":{"start":{"line":14,"column":4},"end":{"line":19,"column":5}},"type":"if","locations":[{"start":{"line":14,"column":4},"end":{"line":19,"column":5}}]},"1":{"loc":{"start":{"line":14,"column":8},"end":{"line":14,"column":46}},"type":"binary-expr","locations":[{"start":{"line":14,"column":8},"end":{"line":14,"column":19}},{"start":{"line":14,"column":23},"end":{"line":14,"column":34}},{"start":{"line":14,"column":38},"end":{"line":14,"column":46}}]}},"s":{"0":2,"1":2,"2":2,"3":2,"4":2,"5":2,"6":2,"7":1,"8":1,"9":1,"10":1,"11":2},"f":{"0":2,"1":2},"b":{"0":[1],"1":[2,2,1]}}
,"C:\\Users\\merti\\Documents\\WebDev\\Portfolio\\solar-panel-planner\\server\\src\\controllers\\appointment.controller.ts": {"path":"C:\\Users\\merti\\Documents\\WebDev\\Portfolio\\solar-panel-planner\\server\\src\\controllers\\appointment.controller.ts","statementMap":{"0":{"start":{"line":2,"column":0},"end":{"line":2,"column":45}},"1":{"start":{"line":3,"column":0},"end":{"line":3,"column":63}},"2":{"start":{"line":6,"column":0},"end":{"line":6,"column":null}},"3":{"start":{"line":14,"column":0},"end":{"line":14,"column":68}},"4":{"start":{"line":16,"column":37},"end":{"line":43,"column":2}},"5":{"start":{"line":20,"column":4},"end":{"line":43,"column":2}},"6":{"start":{"line":21,"column":2},"end":{"line":42,"column":3}},"7":{"start":{"line":23,"column":6},"end":{"line":23,"column":14}},"8":{"start":{"line":25,"column":4},"end":{"line":34,"column":5}},"9":{"start":{"line":33,"column":6},"end":{"line":33,"column":62}},"10":{"start":{"line":37,"column":24},"end":{"line":37,"column":57}},"11":{"start":{"line":39,"column":4},"end":{"line":39,"column":42}},"12":{"start":{"line":41,"column":4},"end":{"line":41,"column":14}},"13":{"start":{"line":16,"column":13},"end":{"line":16,"column":37}},"14":{"start":{"line":45,"column":38},"end":{"line":90,"column":2}},"15":{"start":{"line":49,"column":4},"end":{"line":90,"column":2}},"16":{"start":{"line":50,"column":2},"end":{"line":89,"column":3}},"17":{"start":{"line":51,"column":60},"end":{"line":51,"column":69}},"18":{"start":{"line":53,"column":4},"end":{"line":58,"column":5}},"19":{"start":{"line":54,"column":6},"end":{"line":57,"column":8}},"20":{"start":{"line":62,"column":6},"end":{"line":64,"column":15}},"21":{"start":{"line":67,"column":47},"end":{"line":72,"column":null}},"22":{"start":{"line":77,"column":4},"end":{"line":86,"column":8}},"23":{"start":{"line":88,"column":4},"end":{"line":88,"column":14}},"24":{"start":{"line":45,"column":13},"end":{"line":45,"column":38}}},"fnMap":{"0":{"name":"(anonymous_7)","decl":{"start":{"line":16,"column":37},"end":{"line":16,"column":null}},"loc":{"start":{"line":20,"column":4},"end":{"line":43,"column":2}}},"1":{"name":"(anonymous_8)","decl":{"start":{"line":20,"column":4},"end":{"line":20,"column":null}},"loc":{"start":{"line":20,"column":4},"end":{"line":43,"column":1}}},"2":{"name":"(anonymous_9)","decl":{"start":{"line":45,"column":38},"end":{"line":45,"column":null}},"loc":{"start":{"line":49,"column":4},"end":{"line":90,"column":2}}},"3":{"name":"(anonymous_10)","decl":{"start":{"line":49,"column":4},"end":{"line":49,"column":null}},"loc":{"start":{"line":49,"column":4},"end":{"line":90,"column":1}}}},"branchMap":{"0":{"loc":{"start":{"line":25,"column":4},"end":{"line":34,"column":5}},"type":"if","locations":[{"start":{"line":25,"column":4},"end":{"line":34,"column":5}}]},"1":{"loc":{"start":{"line":26,"column":6},"end":{"line":31,"column":14}},"type":"binary-expr","locations":[{"start":{"line":26,"column":6},"end":{"line":26,"column":12}},{"start":{"line":27,"column":6},"end":{"line":27,"column":12}},{"start":{"line":28,"column":6},"end":{"line":28,"column":12}},{"start":{"line":29,"column":6},"end":{"line":29,"column":18}},{"start":{"line":30,"column":6},"end":{"line":30,"column":22}},{"start":{"line":31,"column":6},"end":{"line":31,"column":14}}]},"2":{"loc":{"start":{"line":53,"column":4},"end":{"line":58,"column":5}},"type":"if","locations":[{"start":{"line":53,"column":4},"end":{"line":58,"column":5}}]},"3":{"loc":{"start":{"line":53,"column":8},"end":{"line":53,"column":36}},"type":"binary-expr","locations":[{"start":{"line":53,"column":8},"end":{"line":53,"column":13}},{"start":{"line":53,"column":17},"end":{"line":53,"column":24}},{"start":{"line":53,"column":28},"end":{"line":53,"column":36}}]},"4":{"loc":{"start":{"line":62,"column":6},"end":{"line":64,"column":15}},"type":"binary-expr","locations":[{"start":{"line":62,"column":6},"end":{"line":63,"column":null}},{"start":{"line":64,"column":11},"end":{"line":64,"column":15}}]},"5":{"loc":{"start":{"line":63,"column":8},"end":{"line":63,"column":63}},"type":"cond-expr","locations":[{"start":{"line":63,"column":14},"end":{"line":63,"column":16}},{"start":{"line":63,"column":8},"end":{"line":63,"column":63}}]},"6":{"loc":{"start":{"line":63,"column":8},"end":{"line":63,"column":16}},"type":"binary-expr","locations":[{"start":{"line":63,"column":8},"end":{"line":63,"column":16}},{"start":{"line":63,"column":8},"end":{"line":63,"column":16}}]},"7":{"loc":{"start":{"line":82,"column":10},"end":{"line":82,"column":33}},"type":"binary-expr","locations":[{"start":{"line":82,"column":10},"end":{"line":82,"column":28}},{"start":{"line":82,"column":32},"end":{"line":82,"column":33}}]},"8":{"loc":{"start":{"line":83,"column":10},"end":{"line":83,"column":72}},"type":"binary-expr","locations":[{"start":{"line":83,"column":10},"end":{"line":83,"column":26}},{"start":{"line":83,"column":30},"end":{"line":83,"column":72}}]}},"s":{"0":2,"1":2,"2":2,"3":2,"4":2,"5":3,"6":3,"7":3,"8":3,"9":1,"10":2,"11":1,"12":2,"13":2,"14":2,"15":2,"16":2,"17":2,"18":2,"19":1,"20":1,"21":1,"22":0,"23":2,"24":2},"f":{"0":3,"1":3,"2":2,"3":2},"b":{"0":[1],"1":[3,2,2,2,2,2],"2":[1],"3":[2,2,1],"4":[1,0],"5":[0,1],"6":[1,1],"7":[0,0],"8":[0,0]}}
,"C:\\Users\\merti\\Documents\\WebDev\\Portfolio\\solar-panel-planner\\server\\src\\interfaces\\appointmentStatus.ts": {"path":"C:\\Users\\merti\\Documents\\WebDev\\Portfolio\\solar-panel-planner\\server\\src\\interfaces\\appointmentStatus.ts","statementMap":{"0":{"start":{"line":1,"column":0},"end":{"line":1,"column":null}},"1":{"start":{"line":2,"column":2},"end":{"line":2,"column":null}},"2":{"start":{"line":3,"column":2},"end":{"line":3,"column":null}},"3":{"start":{"line":4,"column":2},"end":{"line":4,"column":null}},"4":{"start":{"line":5,"column":2},"end":{"line":5,"column":null}},"5":{"start":{"line":6,"column":2},"end":{"line":6,"column":null}}},"fnMap":{"0":{"name":"(anonymous_0)","decl":{"start":{"line":1,"column":0},"end":{"line":1,"column":12}},"loc":{"start":{"line":1,"column":29},"end":{"line":7,"column":1}}}},"branchMap":{"0":{"loc":{"start":{"line":1,"column":12},"end":{"line":1,"column":null}},"type":"binary-expr","locations":[{"start":{"line":1,"column":12},"end":{"line":1,"column":29}},{"start":{"line":1,"column":29},"end":{"line":1,"column":null}}]}},"s":{"0":3,"1":3,"2":3,"3":3,"4":3,"5":3},"f":{"0":3},"b":{"0":[3,3]}}
,"C:\\Users\\merti\\Documents\\WebDev\\Portfolio\\solar-panel-planner\\server\\src\\middleware\\errorMiddleware.ts": {"path":"C:\\Users\\merti\\Documents\\WebDev\\Portfolio\\solar-panel-planner\\server\\src\\middleware\\errorMiddleware.ts","statementMap":{"0":{"start":{"line":2,"column":0},"end":{"line":2,"column":45}},"1":{"start":{"line":4,"column":31},"end":{"line":24,"column":1}},"2":{"start":{"line":11,"column":21},"end":{"line":11,"column":67}},"3":{"start":{"line":12,"column":18},"end":{"line":12,"column":63}},"4":{"start":{"line":15,"column":2},"end":{"line":15,"column":21}},"5":{"start":{"line":18,"column":2},"end":{"line":23,"column":5}},"6":{"start":{"line":4,"column":13},"end":{"line":4,"column":31}}},"fnMap":{"0":{"name":"(anonymous_0)","decl":{"start":{"line":4,"column":31},"end":{"line":4,"column":null}},"loc":{"start":{"line":9,"column":4},"end":{"line":24,"column":1}}}},"branchMap":{"0":{"loc":{"start":{"line":11,"column":21},"end":{"line":11,"column":67}},"type":"cond-expr","locations":[{"start":{"line":11,"column":47},"end":{"line":11,"column":61}},{"start":{"line":11,"column":64},"end":{"line":11,"column":67}}]},"1":{"loc":{"start":{"line":12,"column":18},"end":{"line":12,"column":63}},"type":"binary-expr","locations":[{"start":{"line":12,"column":18},"end":{"line":12,"column":29}},{"start":{"line":12,"column":33},"end":{"line":12,"column":63}}]},"2":{"loc":{"start":{"line":22,"column":8},"end":{"line":22,"column":69}},"type":"binary-expr","locations":[{"start":{"line":22,"column":8},"end":{"line":22,"column":45}},{"start":{"line":22,"column":49},"end":{"line":22,"column":69}}]}},"s":{"0":2,"1":2,"2":4,"3":4,"4":4,"5":4,"6":2},"f":{"0":4},"b":{"0":[3,1],"1":[4,0],"2":[4,4]}}
,"C:\\Users\\merti\\Documents\\WebDev\\Portfolio\\solar-panel-planner\\server\\src\\routes\\addressReference.router.ts": {"path":"C:\\Users\\merti\\Documents\\WebDev\\Portfolio\\solar-panel-planner\\server\\src\\routes\\addressReference.router.ts","statementMap":{"0":{"start":{"line":1,"column":0},"end":{"line":1,"column":30}},"1":{"start":{"line":2,"column":0},"end":{"line":2,"column":85}},"2":{"start":{"line":4,"column":31},"end":{"line":4,"column":47}},"3":{"start":{"line":6,"column":0},"end":{"line":9,"column":2}}},"fnMap":{},"branchMap":{},"s":{"0":2,"1":2,"2":2,"3":2},"f":{},"b":{}}
,"C:\\Users\\merti\\Documents\\WebDev\\Portfolio\\solar-panel-planner\\server\\src\\routes\\addressSearch.router.ts": {"path":"C:\\Users\\merti\\Documents\\WebDev\\Portfolio\\solar-panel-planner\\server\\src\\routes\\addressSearch.router.ts","statementMap":{"0":{"start":{"line":1,"column":0},"end":{"line":1,"column":30}},"1":{"start":{"line":2,"column":0},"end":{"line":2,"column":78}},"2":{"start":{"line":4,"column":28},"end":{"line":4,"column":44}},"3":{"start":{"line":6,"column":0},"end":{"line":6,"column":79}}},"fnMap":{},"branchMap":{},"s":{"0":2,"1":2,"2":2,"3":2},"f":{},"b":{}}
,"C:\\Users\\merti\\Documents\\WebDev\\Portfolio\\solar-panel-planner\\server\\src\\routes\\appointment.router.ts": {"path":"C:\\Users\\merti\\Documents\\WebDev\\Portfolio\\solar-panel-planner\\server\\src\\routes\\appointment.router.ts","statementMap":{"0":{"start":{"line":1,"column":0},"end":{"line":1,"column":30}},"1":{"start":{"line":2,"column":0},"end":{"line":2,"column":102}},"2":{"start":{"line":4,"column":26},"end":{"line":4,"column":42}},"3":{"start":{"line":6,"column":0},"end":{"line":6,"column":62}},"4":{"start":{"line":7,"column":0},"end":{"line":7,"column":null}},"5":{"start":{"line":9,"column":0},"end":{"line":9,"column":null}}},"fnMap":{},"branchMap":{},"s":{"0":2,"1":2,"2":2,"3":2,"4":2,"5":2},"f":{},"b":{}}
,"C:\\Users\\merti\\Documents\\WebDev\\Portfolio\\solar-panel-planner\\server\\src\\services\\addressService.ts": {"path":"C:\\Users\\merti\\Documents\\WebDev\\Portfolio\\solar-panel-planner\\server\\src\\services\\addressService.ts","statementMap":{"0":{"start":{"line":1,"column":0},"end":{"line":1,"column":43}},"1":{"start":{"line":2,"column":0},"end":{"line":2,"column":28}},"2":{"start":{"line":4,"column":0},"end":{"line":4,"column":16}},"3":{"start":{"line":6,"column":31},"end":{"line":35,"column":2}},"4":{"start":{"line":10,"column":4},"end":{"line":35,"column":2}},"5":{"start":{"line":12,"column":26},"end":{"line":12,"column":28}},"6":{"start":{"line":13,"column":2},"end":{"line":14,"column":80}},"7":{"start":{"line":14,"column":4},"end":{"line":14,"column":80}},"8":{"start":{"line":15,"column":2},"end":{"line":16,"column":75}},"9":{"start":{"line":16,"column":4},"end":{"line":16,"column":75}},"10":{"start":{"line":17,"column":2},"end":{"line":17,"column":48}},"11":{"start":{"line":17,"column":15},"end":{"line":17,"column":48}},"12":{"start":{"line":19,"column":2},"end":{"line":21,"column":3}},"13":{"start":{"line":20,"column":4},"end":{"line":20,"column":71}},"14":{"start":{"line":23,"column":2},"end":{"line":34,"column":5}},"15":{"start":{"line":6,"column":13},"end":{"line":6,"column":31}},"16":{"start":{"line":37,"column":42},"end":{"line":46,"column":2}},"17":{"start":{"line":48,"column":35},"end":{"line":61,"column":2}},"18":{"start":{"line":48,"column":67},"end":{"line":61,"column":2}},"19":{"start":{"line":50,"column":29},"end":{"line":50,"column":53}},"20":{"start":{"line":51,"column":2},"end":{"line":53,"column":3}},"21":{"start":{"line":52,"column":4},"end":{"line":52,"column":47}},"22":{"start":{"line":56,"column":47},"end":{"line":57,"column":null}},"23":{"start":{"line":60,"column":2},"end":{"line":60,"column":55}},"24":{"start":{"line":60,"column":34},"end":{"line":60,"column":53}},"25":{"start":{"line":48,"column":13},"end":{"line":48,"column":35}}},"fnMap":{"0":{"name":"(anonymous_8)","decl":{"start":{"line":6,"column":31},"end":{"line":6,"column":null}},"loc":{"start":{"line":10,"column":4},"end":{"line":35,"column":2}}},"1":{"name":"(anonymous_9)","decl":{"start":{"line":10,"column":4},"end":{"line":10,"column":null}},"loc":{"start":{"line":10,"column":4},"end":{"line":35,"column":1}}},"2":{"name":"(anonymous_10)","decl":{"start":{"line":48,"column":35},"end":{"line":48,"column":42}},"loc":{"start":{"line":48,"column":67},"end":{"line":61,"column":2}}},"3":{"name":"(anonymous_11)","decl":{"start":{"line":48,"column":67},"end":{"line":48,"column":null}},"loc":{"start":{"line":48,"column":67},"end":{"line":61,"column":1}}},"4":{"name":"(anonymous_12)","decl":{"start":{"line":60,"column":21},"end":{"line":60,"column":22}},"loc":{"start":{"line":60,"column":34},"end":{"line":60,"column":53}}}},"branchMap":{"0":{"loc":{"start":{"line":13,"column":2},"end":{"line":14,"column":80}},"type":"if","locations":[{"start":{"line":13,"column":2},"end":{"line":14,"column":80}}]},"1":{"loc":{"start":{"line":15,"column":2},"end":{"line":16,"column":75}},"type":"if","locations":[{"start":{"line":15,"column":2},"end":{"line":16,"column":75}}]},"2":{"loc":{"start":{"line":17,"column":2},"end":{"line":17,"column":48}},"type":"if","locations":[{"start":{"line":17,"column":2},"end":{"line":17,"column":48}}]},"3":{"loc":{"start":{"line":19,"column":2},"end":{"line":21,"column":3}},"type":"if","locations":[{"start":{"line":19,"column":2},"end":{"line":21,"column":3}}]},"4":{"loc":{"start":{"line":25,"column":13},"end":{"line":25,"column":60}},"type":"cond-expr","locations":[{"start":{"line":25,"column":26},"end":{"line":25,"column":48}},{"start":{"line":25,"column":51},"end":{"line":25,"column":60}}]},"5":{"loc":{"start":{"line":51,"column":2},"end":{"line":53,"column":3}},"type":"if","locations":[{"start":{"line":51,"column":2},"end":{"line":53,"column":3}}]}},"s":{"0":3,"1":3,"2":3,"3":3,"4":5,"5":5,"6":5,"7":1,"8":5,"9":2,"10":5,"11":1,"12":5,"13":1,"14":4,"15":3,"16":3,"17":3,"18":10,"19":10,"20":10,"21":1,"22":9,"23":9,"24":5683,"25":3},"f":{"0":5,"1":5,"2":10,"3":10,"4":5683},"b":{"0":[1],"1":[2],"2":[1],"3":[1],"4":[2,2],"5":[1]}}
,"C:\\Users\\merti\\Documents\\WebDev\\Portfolio\\solar-panel-planner\\server\\src\\services\\appointmentService.ts": {"path":"C:\\Users\\merti\\Documents\\WebDev\\Portfolio\\solar-panel-planner\\server\\src\\services\\appointmentService.ts","statementMap":{"0":{"start":{"line":4,"column":0},"end":{"line":4,"column":43}},"1":{"start":{"line":5,"column":0},"end":{"line":5,"column":45}},"2":{"start":{"line":6,"column":0},"end":{"line":6,"column":67}},"3":{"start":{"line":7,"column":0},"end":{"line":7,"column":50}},"4":{"start":{"line":8,"column":0},"end":{"line":8,"column":28}},"5":{"start":{"line":11,"column":0},"end":{"line":11,"column":16}},"6":{"start":{"line":13,"column":28},"end":{"line":13,"column":60}},"7":{"start":{"line":15,"column":2},"end":{"line":15,"column":50}},"8":{"start":{"line":17,"column":33},"end":{"line":98,"column":2}},"9":{"start":{"line":17,"column":68},"end":{"line":98,"column":2}},"10":{"start":{"line":18,"column":2},"end":{"line":97,"column":5}},"11":{"start":{"line":18,"column":53},"end":{"line":97,"column":4}},"12":{"start":{"line":20,"column":39},"end":{"line":20,"column":58}},"13":{"start":{"line":23,"column":33},"end":{"line":23,"column":73}},"14":{"start":{"line":24,"column":26},"end":{"line":24,"column":52}},"15":{"start":{"line":25,"column":25},"end":{"line":25,"column":41}},"16":{"start":{"line":27,"column":18},"end":{"line":35,"column":6}},"17":{"start":{"line":37,"column":29},"end":{"line":37,"column":60}},"18":{"start":{"line":39,"column":4},"end":{"line":44,"column":5}},"19":{"start":{"line":40,"column":6},"end":{"line":43,"column":8}},"20":{"start":{"line":46,"column":23},"end":{"line":46,"column":45}},"21":{"start":{"line":49,"column":31},"end":{"line":51,"column":6}},"22":{"start":{"line":53,"column":4},"end":{"line":58,"column":5}},"23":{"start":{"line":54,"column":6},"end":{"line":57,"column":8}},"24":{"start":{"line":62,"column":4},"end":{"line":67,"column":5}},"25":{"start":{"line":63,"column":6},"end":{"line":66,"column":8}},"26":{"start":{"line":68,"column":31},"end":{"line":80,"column":6}},"27":{"start":{"line":83,"column":4},"end":{"line":94,"column":5}},"28":{"start":{"line":85,"column":6},"end":{"line":88,"column":9}},"29":{"start":{"line":91,"column":6},"end":{"line":93,"column":9}},"30":{"start":{"line":96,"column":4},"end":{"line":96,"column":30}},"31":{"start":{"line":17,"column":13},"end":{"line":17,"column":33}},"32":{"start":{"line":100,"column":34},"end":{"line":144,"column":2}},"33":{"start":{"line":106,"column":4},"end":{"line":144,"column":2}},"34":{"start":{"line":108,"column":26},"end":{"line":108,"column":28}},"35":{"start":{"line":109,"column":2},"end":{"line":109,"column":57}},"36":{"start":{"line":109,"column":12},"end":{"line":109,"column":57}},"37":{"start":{"line":110,"column":2},"end":{"line":110,"column":53}},"38":{"start":{"line":110,"column":14},"end":{"line":110,"column":53}},"39":{"start":{"line":111,"column":2},"end":{"line":111,"column":61}},"40":{"start":{"line":111,"column":15},"end":{"line":111,"column":61}},"41":{"start":{"line":113,"column":2},"end":{"line":115,"column":3}},"42":{"start":{"line":114,"column":4},"end":{"line":114,"column":71}},"43":{"start":{"line":118,"column":21},"end":{"line":120,"column":4}},"44":{"start":{"line":123,"column":15},"end":{"line":141,"column":4}},"45":{"start":{"line":143,"column":2},"end":{"line":143,"column":30}},"46":{"start":{"line":100,"column":13},"end":{"line":100,"column":34}}},"fnMap":{"0":{"name":"(anonymous_8)","decl":{"start":{"line":17,"column":33},"end":{"line":17,"column":40}},"loc":{"start":{"line":17,"column":68},"end":{"line":98,"column":2}}},"1":{"name":"(anonymous_9)","decl":{"start":{"line":17,"column":68},"end":{"line":17,"column":null}},"loc":{"start":{"line":17,"column":68},"end":{"line":98,"column":1}}},"2":{"name":"(anonymous_10)","decl":{"start":{"line":18,"column":35},"end":{"line":18,"column":42}},"loc":{"start":{"line":18,"column":53},"end":{"line":97,"column":4}}},"3":{"name":"(anonymous_11)","decl":{"start":{"line":18,"column":53},"end":{"line":18,"column":null}},"loc":{"start":{"line":18,"column":53},"end":{"line":97,"column":3}}},"4":{"name":"(anonymous_12)","decl":{"start":{"line":100,"column":34},"end":{"line":100,"column":null}},"loc":{"start":{"line":106,"column":4},"end":{"line":144,"column":2}}},"5":{"name":"(anonymous_13)","decl":{"start":{"line":106,"column":4},"end":{"line":106,"column":null}},"loc":{"start":{"line":106,"column":4},"end":{"line":144,"column":1}}}},"branchMap":{"0":{"loc":{"start":{"line":15,"column":2},"end":{"line":15,"column":50}},"type":"binary-expr","locations":[{"start":{"line":15,"column":2},"end":{"line":15,"column":44}},{"start":{"line":15,"column":48},"end":{"line":15,"column":50}}]},"1":{"loc":{"start":{"line":39,"column":4},"end":{"line":44,"column":5}},"type":"if","locations":[{"start":{"line":39,"column":4},"end":{"line":44,"column":5}}]},"2":{"loc":{"start":{"line":53,"column":4},"end":{"line":58,"column":5}},"type":"if","locations":[{"start":{"line":53,"column":4},"end":{"line":58,"column":5}}]},"3":{"loc":{"start":{"line":53,"column":8},"end":{"line":53,"column":61}},"type":"binary-expr","locations":[{"start":{"line":53,"column":8},"end":{"line":53,"column":26}},{"start":{"line":53,"column":30},"end":{"line":53,"column":61}}]},"4":{"loc":{"start":{"line":62,"column":4},"end":{"line":67,"column":5}},"type":"if","locations":[{"start":{"line":62,"column":4},"end":{"line":67,"column":5}}]},"5":{"loc":{"start":{"line":83,"column":4},"end":{"line":94,"column":5}},"type":"if","locations":[{"start":{"line":83,"column":4},"end":{"line":94,"column":5}},{"start":{"line":89,"column":11},"end":{"line":94,"column":5}}]},"6":{"loc":{"start":{"line":109,"column":2},"end":{"line":109,"column":57}},"type":"if","locations":[{"start":{"line":109,"column":2},"end":{"line":109,"column":57}}]},"7":{"loc":{"start":{"line":110,"column":2},"end":{"line":110,"column":53}},"type":"if","locations":[{"start":{"line":110,"column":2},"end":{"line":110,"column":53}}]},"8":{"loc":{"start":{"line":111,"column":2},"end":{"line":111,"column":61}},"type":"if","locations":[{"start":{"line":111,"column":2},"end":{"line":111,"column":61}}]},"9":{"loc":{"start":{"line":113,"column":2},"end":{"line":115,"column":3}},"type":"if","locations":[{"start":{"line":113,"column":2},"end":{"line":115,"column":3}}]},"10":{"loc":{"start":{"line":124,"column":10},"end":{"line":124,"column":63}},"type":"binary-expr","locations":[{"start":{"line":124,"column":10},"end":{"line":124,"column":58}},{"start":{"line":124,"column":62},"end":{"line":124,"column":63}}]},"11":{"loc":{"start":{"line":124,"column":11},"end":{"line":124,"column":38}},"type":"binary-expr","locations":[{"start":{"line":124,"column":11},"end":{"line":124,"column":33}},{"start":{"line":124,"column":37},"end":{"line":124,"column":38}}]},"12":{"loc":{"start":{"line":125,"column":10},"end":{"line":125,"column":49}},"type":"binary-expr","locations":[{"start":{"line":125,"column":10},"end":{"line":125,"column":18}},{"start":{"line":125,"column":22},"end":{"line":125,"column":49}}]}},"s":{"0":3,"1":3,"2":3,"3":3,"4":3,"5":3,"6":3,"7":3,"8":3,"9":4,"10":4,"11":4,"12":4,"13":4,"14":4,"15":4,"16":4,"17":4,"18":4,"19":1,"20":3,"21":3,"22":3,"23":1,"24":2,"25":1,"26":1,"27":1,"28":1,"29":0,"30":1,"31":3,"32":3,"33":4,"34":4,"35":4,"36":1,"37":4,"38":1,"39":4,"40":1,"41":4,"42":1,"43":3,"44":3,"45":3,"46":3},"f":{"0":4,"1":4,"2":4,"3":4,"4":4,"5":4},"b":{"0":[3,0],"1":[1],"2":[1],"3":[3,2],"4":[1],"5":[1,0],"6":[1],"7":[1],"8":[1],"9":[1],"10":[3,3],"11":[3,3],"12":[3,3]}}
,"C:\\Users\\merti\\Documents\\WebDev\\Portfolio\\solar-panel-planner\\server\\src\\utils\\AppError.ts": {"path":"C:\\Users\\merti\\Documents\\WebDev\\Portfolio\\solar-panel-planner\\server\\src\\utils\\AppError.ts","statementMap":{"0":{"start":{"line":6,"column":4},"end":{"line":6,"column":19}},"1":{"start":{"line":7,"column":4},"end":{"line":7,"column":33}},"2":{"start":{"line":8,"column":4},"end":{"line":8,"column":40}},"3":{"start":{"line":9,"column":4},"end":{"line":9,"column":52}},"4":{"start":{"line":1,"column":0},"end":{"line":1,"column":13}}},"fnMap":{"0":{"name":"(anonymous_0)","decl":{"start":{"line":5,"column":2},"end":{"line":5,"column":14}},"loc":{"start":{"line":5,"column":70},"end":{"line":10,"column":3}}}},"branchMap":{},"s":{"0":8,"1":8,"2":8,"3":8,"4":4},"f":{"0":8},"b":{}}
,"C:\\Users\\merti\\Documents\\WebDev\\Portfolio\\solar-panel-planner\\server\\src\\utils\\formatDates.ts": {"path":"C:\\Users\\merti\\Documents\\WebDev\\Portfolio\\solar-panel-planner\\server\\src\\utils\\formatDates.ts","statementMap":{"0":{"start":{"line":1,"column":0},"end":{"line":1,"column":16}},"1":{"start":{"line":3,"column":14},"end":{"line":3,"column":53}},"2":{"start":{"line":4,"column":16},"end":{"line":4,"column":60}},"3":{"start":{"line":5,"column":15},"end":{"line":5,"column":33}},"4":{"start":{"line":6,"column":2},"end":{"line":6,"column":35}}},"fnMap":{"0":{"name":"formatDate","decl":{"start":{"line":1,"column":16},"end":{"line":1,"column":26}},"loc":{"start":{"line":1,"column":37},"end":{"line":7,"column":1}}}},"branchMap":{},"s":{"0":3,"1":4,"2":4,"3":4,"4":4},"f":{"0":4},"b":{}}
,"C:\\Users\\merti\\Documents\\WebDev\\Portfolio\\solar-panel-planner\\server\\src\\utils\\logger.ts": {"path":"C:\\Users\\merti\\Documents\\WebDev\\Portfolio\\solar-panel-planner\\server\\src\\utils\\logger.ts","statementMap":{"0":{"start":{"line":1,"column":0},"end":{"line":1,"column":30}},"1":{"start":{"line":2,"column":0},"end":{"line":2,"column":46}},"2":{"start":{"line":4,"column":0},"end":{"line":4,"column":63}},"3":{"start":{"line":6,"column":15},"end":{"line":6,"column":33}},"4":{"start":{"line":8,"column":15},"end":{"line":23,"column":2}},"5":{"start":{"line":25,"column":0},"end":{"line":25,"column":22}}},"fnMap":{},"branchMap":{},"s":{"0":2,"1":2,"2":2,"3":2,"4":2,"5":2},"f":{},"b":{}}
,"C:\\Users\\merti\\Documents\\WebDev\\Portfolio\\solar-panel-planner\\server\\src\\utils\\pagination.ts": {"path":"C:\\Users\\merti\\Documents\\WebDev\\Portfolio\\solar-panel-planner\\server\\src\\utils\\pagination.ts","statementMap":{"0":{"start":{"line":1,"column":40},"end":{"line":25,"column":1}},"1":{"start":{"line":7,"column":2},"end":{"line":24,"column":4}},"2":{"start":{"line":1,"column":13},"end":{"line":1,"column":40}}},"fnMap":{"0":{"name":"(anonymous_0)","decl":{"start":{"line":1,"column":40},"end":{"line":1,"column":null}},"loc":{"start":{"line":6,"column":4},"end":{"line":25,"column":1}}}},"branchMap":{"0":{"loc":{"start":{"line":12,"column":6},"end":{"line":16,"column":14}},"type":"cond-expr","locations":[{"start":{"line":13,"column":10},"end":{"line":15,"column":33}},{"start":{"line":16,"column":10},"end":{"line":16,"column":14}}]},"1":{"loc":{"start":{"line":18,"column":6},"end":{"line":22,"column":14}},"type":"cond-expr","locations":[{"start":{"line":19,"column":10},"end":{"line":21,"column":33}},{"start":{"line":22,"column":10},"end":{"line":22,"column":14}}]}},"s":{"0":2,"1":0,"2":2},"f":{"0":0},"b":{"0":[0,0],"1":[0,0]}}
}
