TN:
SF:server.ts
FN:21,(anonymous_1)
FN:38,(anonymous_2)
FNF:2
FNH:2
FNDA:4,(anonymous_1)
FNDA:1,(anonymous_2)
DA:1,1
DA:2,1
DA:3,1
DA:4,1
DA:5,1
DA:8,1
DA:9,1
DA:10,1
DA:12,1
DA:14,1
DA:15,1
DA:17,1
DA:18,1
DA:21,1
DA:22,4
DA:27,4
DA:31,1
DA:32,1
DA:33,1
DA:36,1
DA:38,1
DA:39,1
DA:42,1
LF:23
LH:23
BRF:0
BRH:0
end_of_record
TN:
SF:src\controllers\addressReference.controller.ts
FN:5,(anonymous_7)
FN:9,(anonymous_8)
FNF:2
FNH:2
FNDA:2,(anonymous_7)
FNDA:2,(anonymous_8)
DA:2,1
DA:3,1
DA:5,1
DA:9,2
DA:10,2
DA:12,2
DA:13,2
DA:14,1
DA:20,1
DA:21,1
DA:23,1
LF:11
LH:11
BRDA:13,0,0,1
BRDA:13,1,0,2
BRDA:13,1,1,1
BRF:3
BRH:3
end_of_record
TN:
SF:src\controllers\addressSearch.controller.ts
FN:6,(anonymous_7)
FN:10,(anonymous_8)
FNF:2
FNH:2
FNDA:2,(anonymous_7)
FNDA:2,(anonymous_8)
DA:2,1
DA:4,1
DA:6,1
DA:10,2
DA:11,2
DA:12,2
DA:14,2
DA:15,1
DA:22,1
DA:24,1
DA:26,1
LF:11
LH:11
BRDA:14,0,0,1
BRDA:14,1,0,2
BRDA:14,1,1,2
BRDA:14,1,2,1
BRF:4
BRH:4
end_of_record
TN:
SF:src\controllers\appointment.controller.ts
FN:6,(anonymous_7)
FN:10,(anonymous_8)
FNF:2
FNH:2
FNDA:3,(anonymous_7)
FNDA:3,(anonymous_8)
DA:2,2
DA:4,2
DA:6,2
DA:10,3
DA:11,3
DA:13,3
DA:15,3
DA:23,1
DA:27,2
DA:29,1
DA:31,2
LF:11
LH:11
BRDA:15,0,0,1
BRDA:16,1,0,3
BRDA:16,1,1,2
BRDA:16,1,2,2
BRDA:16,1,3,2
BRDA:16,1,4,2
BRDA:16,1,5,2
BRF:7
BRH:7
end_of_record
TN:
SF:src\interfaces\appointmentStatus.ts
FN:1,(anonymous_0)
FNF:1
FNH:1
FNDA:2,(anonymous_0)
DA:1,2
DA:2,2
DA:3,2
DA:4,2
DA:5,2
LF:5
LH:5
BRDA:1,0,0,2
BRDA:1,0,1,2
BRF:2
BRH:2
end_of_record
TN:
SF:src\middleware\errorMiddleware.ts
FN:4,(anonymous_0)
FNF:1
FNH:1
FNDA:2,(anonymous_0)
DA:2,1
DA:4,1
DA:11,2
DA:12,2
DA:15,2
DA:18,2
LF:6
LH:6
BRDA:11,0,0,2
BRDA:11,0,1,0
BRDA:12,1,0,2
BRDA:12,1,1,0
BRDA:22,2,0,2
BRDA:22,2,1,2
BRF:6
BRH:4
end_of_record
TN:
SF:src\routes\addressReference.router.ts
FNF:0
FNH:0
DA:1,1
DA:2,1
DA:4,1
DA:6,1
LF:4
LH:4
BRF:0
BRH:0
end_of_record
TN:
SF:src\routes\addressSearch.router.ts
FNF:0
FNH:0
DA:1,1
DA:2,1
DA:4,1
DA:6,1
LF:4
LH:4
BRF:0
BRH:0
end_of_record
TN:
SF:src\routes\appointment.router.ts
FNF:0
FNH:0
DA:1,1
DA:2,1
DA:4,1
DA:6,1
LF:4
LH:4
BRF:0
BRH:0
end_of_record
TN:
SF:src\services\addressService.ts
FN:3,(anonymous_7)
FN:7,(anonymous_8)
FN:45,(anonymous_9)
FN:45,(anonymous_10)
FN:58,(anonymous_11)
FNF:5
FNH:5
FNDA:5,(anonymous_7)
FNDA:5,(anonymous_8)
FNDA:10,(anonymous_9)
FNDA:10,(anonymous_10)
FNDA:5683,(anonymous_11)
DA:1,2
DA:3,2
DA:7,5
DA:9,5
DA:10,5
DA:11,1
DA:12,5
DA:13,2
DA:14,5
DA:16,5
DA:17,1
DA:20,4
DA:34,2
DA:45,10
DA:48,10
DA:49,10
DA:50,1
DA:54,9
DA:58,5683
LF:19
LH:19
BRDA:10,0,0,1
BRDA:12,1,0,2
BRDA:14,2,0,1
BRDA:16,3,0,1
BRDA:22,4,0,2
BRDA:22,4,1,2
BRDA:49,5,0,1
BRF:7
BRH:7
end_of_record
TN:
SF:src\services\appointmentService.ts
FN:12,(anonymous_8)
FN:12,(anonymous_9)
FN:13,(anonymous_10)
FN:13,(anonymous_11)
FNF:4
FNH:4
FNDA:4,(anonymous_8)
FNDA:4,(anonymous_9)
FNDA:4,(anonymous_10)
FNDA:4,(anonymous_11)
DA:2,3
DA:3,3
DA:4,3
DA:5,3
DA:6,3
DA:8,3
DA:10,3
DA:12,4
DA:13,4
DA:15,4
DA:19,4
DA:20,1
DA:27,3
DA:30,3
DA:31,3
DA:32,3
DA:34,3
DA:44,3
DA:46,3
DA:47,1
DA:53,2
DA:57,2
DA:58,1
DA:63,1
DA:78,1
DA:80,1
DA:86,0
DA:91,1
LF:28
LH:27
BRDA:19,0,0,1
BRDA:19,1,0,4
BRDA:19,1,1,3
BRDA:46,2,0,1
BRDA:57,3,0,1
BRDA:78,4,0,1
BRDA:78,4,1,0
BRF:7
BRH:6
end_of_record
TN:
SF:src\utils\AppError.ts
FN:5,(anonymous_0)
FNF:1
FNH:1
FNDA:7,(anonymous_0)
DA:1,4
DA:6,7
DA:7,7
DA:8,7
DA:9,7
LF:5
LH:5
BRF:0
BRH:0
end_of_record
TN:
SF:src\utils\formatDates.ts
FN:1,formatDate
FNF:1
FNH:1
FNDA:4,formatDate
DA:1,3
DA:3,4
DA:4,4
DA:5,4
DA:6,4
LF:5
LH:5
BRF:0
BRH:0
end_of_record
TN:
SF:src\utils\logger.ts
FNF:0
FNH:0
DA:1,1
DA:2,1
DA:4,1
DA:6,1
DA:8,1
DA:25,1
LF:6
LH:6
BRF:0
BRH:0
end_of_record
