TN:
SF:server.ts
FN:20,(anonymous_1)
FN:36,(anonymous_2)
FNF:2
FNH:2
FNDA:4,(anonymous_1)
FNDA:1,(anonymous_2)
DA:1,1
DA:2,1
DA:3,1
DA:4,1
DA:5,1
DA:8,1
DA:9,1
DA:11,1
DA:13,1
DA:14,1
DA:16,1
DA:17,1
DA:20,1
DA:21,4
DA:26,4
DA:30,1
DA:31,1
DA:34,1
DA:36,1
DA:37,1
DA:40,1
LF:21
LH:21
BRF:0
BRH:0
end_of_record
TN:
SF:src\config\PrismaTransportLog.ts
FN:13,(anonymous_8)
FN:19,(anonymous_9)
FNF:2
FNH:2
FNDA:1,(anonymous_8)
FNDA:5,(anonymous_9)
DA:1,1
DA:10,1
DA:14,1
DA:15,1
DA:20,5
DA:22,5
DA:24,5
DA:26,5
DA:34,0
DA:37,5
LF:10
LH:9
BRDA:24,0,0,1
BRDA:24,0,1,4
BRDA:30,1,0,5
BRDA:30,1,1,0
BRF:4
BRH:3
end_of_record
TN:
SF:src\controllers\addressReference.controller.ts
FN:5,(anonymous_7)
FN:9,(anonymous_8)
FNF:2
FNH:2
FNDA:2,(anonymous_7)
FNDA:2,(anonymous_8)
DA:2,1
DA:3,1
DA:5,1
DA:9,2
DA:10,2
DA:12,2
DA:13,2
DA:14,1
DA:20,1
DA:21,1
DA:23,1
LF:11
LH:11
BRDA:13,0,0,1
BRDA:13,1,0,2
BRDA:13,1,1,1
BRF:3
BRH:3
end_of_record
TN:
SF:src\controllers\addressSearch.controller.ts
FN:6,(anonymous_7)
FN:10,(anonymous_8)
FNF:2
FNH:2
FNDA:2,(anonymous_7)
FNDA:2,(anonymous_8)
DA:2,1
DA:4,1
DA:6,1
DA:10,2
DA:11,2
DA:12,2
DA:14,2
DA:15,1
DA:22,1
DA:24,1
DA:26,1
LF:11
LH:11
BRDA:14,0,0,1
BRDA:14,1,0,2
BRDA:14,1,1,2
BRDA:14,1,2,1
BRF:4
BRH:4
end_of_record
TN:
SF:src\middleware\errorMiddleware.ts
FN:4,(anonymous_0)
FNF:1
FNH:1
FNDA:2,(anonymous_0)
DA:2,1
DA:4,1
DA:11,2
DA:12,2
DA:15,2
DA:18,2
LF:6
LH:6
BRDA:11,0,0,2
BRDA:11,0,1,0
BRDA:12,1,0,2
BRDA:12,1,1,0
BRDA:22,2,0,2
BRDA:22,2,1,2
BRF:6
BRH:4
end_of_record
TN:
SF:src\routes\addressReference.router.ts
FNF:0
FNH:0
DA:1,1
DA:2,1
DA:4,1
DA:6,1
LF:4
LH:4
BRF:0
BRH:0
end_of_record
TN:
SF:src\routes\addressSearch.router.ts
FNF:0
FNH:0
DA:1,1
DA:2,1
DA:4,1
DA:6,1
LF:4
LH:4
BRF:0
BRH:0
end_of_record
TN:
SF:src\services\addressService.ts
FN:3,(anonymous_7)
FN:7,(anonymous_8)
FN:45,(anonymous_9)
FN:45,(anonymous_10)
FN:58,(anonymous_11)
FNF:5
FNH:5
FNDA:5,(anonymous_7)
FNDA:5,(anonymous_8)
FNDA:9,(anonymous_9)
FNDA:9,(anonymous_10)
FNDA:5683,(anonymous_11)
DA:1,2
DA:3,2
DA:7,5
DA:9,5
DA:10,5
DA:11,1
DA:12,5
DA:13,2
DA:14,5
DA:16,5
DA:17,1
DA:20,4
DA:34,2
DA:45,9
DA:48,9
DA:49,9
DA:50,0
DA:54,9
DA:58,5683
LF:19
LH:18
BRDA:10,0,0,1
BRDA:12,1,0,2
BRDA:14,2,0,1
BRDA:16,3,0,1
BRDA:22,4,0,2
BRDA:22,4,1,2
BRDA:49,5,0,0
BRF:7
BRH:6
end_of_record
TN:
SF:src\utils\AppError.ts
FN:4,(anonymous_0)
FNF:1
FNH:1
FNDA:2,(anonymous_0)
DA:1,1
DA:5,2
DA:6,2
DA:7,2
LF:4
LH:4
BRF:0
BRH:0
end_of_record
TN:
SF:src\utils\logger.ts
FNF:0
FNH:0
DA:1,1
DA:2,1
DA:4,1
DA:6,1
DA:8,1
DA:25,1
LF:6
LH:6
BRF:0
BRH:0
end_of_record
